0 info it worked if it ends with ok
1 verbose cli [ '/usr/bin/nodejs', '/usr/bin/npm', 'run', 'debug' ]
2 info using npm@3.10.9
3 info using node@v7.2.0
4 verbose run-script [ 'predebug', 'debug', 'postdebug' ]
5 info lifecycle homecontrolserver@0.1.0~predebug: homecontrolserver@0.1.0
6 silly lifecycle homecontrolserver@0.1.0~predebug: no script for predebug, continuing
7 info lifecycle homecontrolserver@0.1.0~debug: homecontrolserver@0.1.0
8 verbose lifecycle homecontrolserver@0.1.0~debug: unsafe-perm in lifecycle true
9 verbose lifecycle homecontrolserver@0.1.0~debug: PATH: /usr/lib/node_modules/npm/bin/node-gyp-bin:/home/gavin/Documents/Dev/HomeControlServer/node_modules/.bin:/usr/local/sbin:/usr/local/bin:/usr/sbin:/usr/bin:/sbin:/bin:/usr/games:/usr/local/games
10 verbose lifecycle homecontrolserver@0.1.0~debug: CWD: /home/gavin/Documents/Dev/HomeControlServer
11 silly lifecycle homecontrolserver@0.1.0~debug: Args: [ '-c', 'tsc && concurrently "tsc -w"' ]
12 silly lifecycle homecontrolserver@0.1.0~debug: Returned: code: 2  signal: null
13 info lifecycle homecontrolserver@0.1.0~debug: Failed to exec debug script
14 verbose stack Error: homecontrolserver@0.1.0 debug: `tsc && concurrently "tsc -w"`
14 verbose stack Exit status 2
14 verbose stack     at EventEmitter.<anonymous> (/usr/lib/node_modules/npm/lib/utils/lifecycle.js:255:16)
14 verbose stack     at emitTwo (events.js:106:13)
14 verbose stack     at EventEmitter.emit (events.js:191:7)
14 verbose stack     at ChildProcess.<anonymous> (/usr/lib/node_modules/npm/lib/utils/spawn.js:40:14)
14 verbose stack     at emitTwo (events.js:106:13)
14 verbose stack     at ChildProcess.emit (events.js:191:7)
14 verbose stack     at maybeClose (internal/child_process.js:885:16)
14 verbose stack     at Process.ChildProcess._handle.onexit (internal/child_process.js:226:5)
15 verbose pkgid homecontrolserver@0.1.0
16 verbose cwd /home/gavin/Documents/Dev/HomeControlServer
17 error Linux 4.4.0-21-generic
18 error argv "/usr/bin/nodejs" "/usr/bin/npm" "run" "debug"
19 error node v7.2.0
20 error npm  v3.10.9
21 error code ELIFECYCLE
22 error homecontrolserver@0.1.0 debug: `tsc && concurrently "tsc -w"`
22 error Exit status 2
23 error Failed at the homecontrolserver@0.1.0 debug script 'tsc && concurrently "tsc -w"'.
23 error Make sure you have the latest version of node.js and npm installed.
23 error If you do, this is most likely a problem with the homecontrolserver package,
23 error not with npm itself.
23 error Tell the author that this fails on your system:
23 error     tsc && concurrently "tsc -w"
23 error You can get information on how to open an issue for this project with:
23 error     npm bugs homecontrolserver
23 error Or if that isn't available, you can get their info via:
23 error     npm owner ls homecontrolserver
23 error There is likely additional logging output above.
24 verbose exit [ 1, true ]
